<?xml version="1.0" encoding="utf-8"?><testsuites name="pytest tests"><testsuite name="pytest" errors="0" failures="0" skipped="0" tests="12" time="11.998" timestamp="2026-05-01T14:05:13.058888+00:00" hostname="agent-env-0320a265-4df0-41ef-b468-0b166bc0b46b"><testcase classname="backend.tests.test_kindbot_api" name="test_health_ok" time="0.232" /><testcase classname="backend.tests.test_kindbot_api" name="test_state_initial_shape" time="0.153" /><testcase classname="backend.tests.test_kindbot_api" name="test_mode_music_without_token_401" time="0.049" /><testcase classname="backend.tests.test_kindbot_api" name="test_mode_music_with_wrong_token_401" time="0.047" /><testcase classname="backend.tests.test_kindbot_api" name="test_mode_music_with_token" time="0.099" /><testcase classname="backend.tests.test_kindbot_api" name="test_mode_cleaning_with_token" time="0.050" /><testcase classname="backend.tests.test_kindbot_api" name="test_mode_idle_with_token" time="0.049" /><testcase classname="backend.tests.test_kindbot_api" name="test_talking_restores_cleaning" time="0.159" /><testcase classname="backend.tests.test_kindbot_api" name="test_talking_restores_idle" time="0.140" /><testcase classname="backend.tests.test_kindbot_api" name="test_listening_toggle" time="0.208" /><testcase classname="backend.tests.test_kindbot_api" name="test_listening_without_token_401" time="0.046" /><testcase classname="backend.tests.test_kindbot_api" name="test_sse_initial_and_updates" time="10.596" /></testsuite></testsuites>