<?xml version="1.0" encoding="utf-8"?><testsuites name="pytest tests"><testsuite name="pytest" errors="0" failures="0" skipped="0" tests="19" time="12.808" timestamp="2026-05-01T14:49:59.858529+00:00" hostname="agent-env-0320a265-4df0-41ef-b468-0b166bc0b46b"><testcase classname="backend.tests.test_kindbot_api" name="test_health_ok" time="0.204" /><testcase classname="backend.tests.test_kindbot_api" name="test_state_initial_shape" time="0.139" /><testcase classname="backend.tests.test_kindbot_api" name="test_mode_music_without_token_401" time="0.046" /><testcase classname="backend.tests.test_kindbot_api" name="test_mode_music_with_wrong_token_401" time="0.046" /><testcase classname="backend.tests.test_kindbot_api" name="test_mode_music_with_token" time="0.091" /><testcase classname="backend.tests.test_kindbot_api" name="test_mode_cleaning_with_token" time="0.048" /><testcase classname="backend.tests.test_kindbot_api" name="test_mode_idle_with_token" time="0.055" /><testcase classname="backend.tests.test_kindbot_api" name="test_talking_restores_cleaning" time="0.144" /><testcase classname="backend.tests.test_kindbot_api" name="test_talking_restores_idle" time="0.143" /><testcase classname="backend.tests.test_kindbot_api" name="test_listening_toggle" time="0.194" /><testcase classname="backend.tests.test_kindbot_api" name="test_listening_without_token_401" time="0.050" /><testcase classname="backend.tests.test_kindbot_api" name="test_sse_initial_and_updates" time="10.565" /><testcase classname="backend.tests.test_kindbot_api" name="test_say_without_token_401" time="0.047" /><testcase classname="backend.tests.test_kindbot_api" name="test_say_empty_text_422" time="0.048" /><testcase classname="backend.tests.test_kindbot_api" name="test_say_text_too_long_422" time="0.052" /><testcase classname="backend.tests.test_kindbot_api" name="test_say_no_openai_key_503_and_no_state_flip" time="0.562" /><testcase classname="backend.tests.test_kindbot_api" name="test_say_invalid_voice_returns_503_first" time="0.056" /><testcase classname="backend.tests.test_kindbot_api" name="test_say_audio_bogus_id_404" time="0.050" /><testcase classname="backend.tests.test_kindbot_api" name="test_health_reports_tts_disabled" time="0.169" /></testsuite></testsuites>